<?xml version="1.0" encoding="UTF-8"?>
<!-- Generated by org.testng.reporters.JUnitReportReporter -->
<testsuite skipped="0" hostname="santoshs-MacBook-Pro.local" name="testRunner.Testrunner" tests="1" failures="0" timestamp="02 Sep 2022 06:06:10 GMT" time="9.463" errors="0">
  <testcase name="feature" time="9.463" classname="testRunner.Testrunner"/>
</testsuite> <!-- testRunner.Testrunner -->
