<?xml version="1.0" encoding="UTF-8"?>
<!-- Generated by org.testng.reporters.JUnitReportReporter -->
<testsuite hostname="santoshs-MacBook-Pro.local" failures="0" tests="3" name="testRunner.Testrunner" time="19.387" errors="0" timestamp="04 Sep 2022 13:44:00 GMT" skipped="0">
  <testcase classname="testRunner.Testrunner" name="runScenario" time="4.551"/>
  <testcase classname="testRunner.Testrunner" name="runScenario" time="12.583"/>
  <testcase classname="testRunner.Testrunner" name="runScenario" time="2.253"/>
</testsuite> <!-- testRunner.Testrunner -->
